<?xml version="1.0" encoding="UTF-8"?>
<!-- Generated by org.testng.reporters.JUnitXMLReporter -->
<testsuite ignored="1" hostname="Vedant" failures="0" tests="4" name="Default test" time="41.538" errors="0" timestamp="2023-09-11T20:12:25 EDT">
  <testcase classname="testlayer.LoginTest" name="Login" time="0.127"/>
  <testcase classname="testlayer.LoginTest" name="Login" time="0.135"/>
  <testcase classname="testlayer.LoginTest" name="Login" time="0.133"/>
  <testcase classname="testlayer.LoginTest" name="Login" time="0.109"/>
  <testcase classname="testlayer.LoginTest" name="title" time="0.0">
    <ignored/>
  </testcase> <!-- title -->
</testsuite> <!-- Default test -->
